Client started
Client closed





















RUN    TRT FLO MAT TOPWT HARWT  RAIN  TIRR   CET  PESW  TNUP  TNLF   TSON TSOC
           dap dap kg/ha kg/ha    mm    mm    mm    mm kg/ha kg/ha  kg/ha t/ha
  1 MZ   1  89 139  4230  1965   382    13   282   164    48    19   8658   87





















RUN    TRT FLO MAT TOPWT HARWT  RAIN  TIRR   CET  PESW  TNUP  TNLF   TSON TSOC
           dap dap kg/ha kg/ha    mm    mm    mm    mm kg/ha kg/ha  kg/ha t/ha
  1 MZ   1  89 139 14966  8064   527    13   440   117   155    30   8653   87





















RUN    TRT FLO MAT TOPWT HARWT  RAIN  TIRR   CET  PESW  TNUP  TNLF   TSON TSOC
           dap dap kg/ha kg/ha    mm    mm    mm    mm kg/ha kg/ha  kg/ha t/ha
  1 MZ   1  85 137  5593  2371   358    13   265   170    82    98   8661   87





















RUN    TRT FLO MAT TOPWT HARWT  RAIN  TIRR   CET  PESW  TNUP  TNLF   TSON TSOC
           dap dap kg/ha kg/ha    mm    mm    mm    mm kg/ha kg/ha  kg/ha t/ha
  1 MZ   1  78 132 12651  6544   615    13   401   141   148    27   8662   87





















RUN    TRT FLO MAT TOPWT HARWT  RAIN  TIRR   CET  PESW  TNUP  TNLF   TSON TSOC
           dap dap kg/ha kg/ha    mm    mm    mm    mm kg/ha kg/ha  kg/ha t/ha
  1 MZ   1  88 137 12865  6088   899    13   473   180   142    16   8658   87





















RUN    TRT FLO MAT TOPWT HARWT  RAIN  TIRR   CET  PESW  TNUP  TNLF   TSON TSOC
           dap dap kg/ha kg/ha    mm    mm    mm    mm kg/ha kg/ha  kg/ha t/ha
  1 MZ   1  90 140  4658  1457   613    13   343   152    86    66   8654   87





















RUN    TRT FLO MAT TOPWT HARWT  RAIN  TIRR   CET  PESW  TNUP  TNLF   TSON TSOC
           dap dap kg/ha kg/ha    mm    mm    mm    mm kg/ha kg/ha  kg/ha t/ha
  1 MZ   1  80 133  7290  3674   245    13   265   113   106    76   8665   87





















RUN    TRT FLO MAT TOPWT HARWT  RAIN  TIRR   CET  PESW  TNUP  TNLF   TSON TSOC
           dap dap kg/ha kg/ha    mm    mm    mm    mm kg/ha kg/ha  kg/ha t/ha
  1 MZ   1  84 136  8275  3665   440    13   319   153   117    64   8657   87





















RUN    TRT FLO MAT TOPWT HARWT  RAIN  TIRR   CET  PESW  TNUP  TNLF   TSON TSOC
           dap dap kg/ha kg/ha    mm    mm    mm    mm kg/ha kg/ha  kg/ha t/ha
  1 MZ   1  86 136  6234  1251   382    13   327   165    94    88   8660   87
 EFFECTIVE EARLY STOPPING

********************************
2022/06/09 09:28:54.478207
********************************
Client started
Client closed
 EFFECTIVE EARLY STOPPING

********************************
2022/06/09 09:28:58.185983
********************************
Client started
Client closed





















RUN    TRT FLO MAT TOPWT HARWT  RAIN  TIRR   CET  PESW  TNUP  TNLF   TSON TSOC
           dap dap kg/ha kg/ha    mm    mm    mm    mm kg/ha kg/ha  kg/ha t/ha
  1 MZ   3  85 135  6943  3681   388     0   300   150   100    68   8657   87





















RUN    TRT FLO MAT TOPWT HARWT  RAIN  TIRR   CET  PESW  TNUP  TNLF   TSON TSOC
           dap dap kg/ha kg/ha    mm    mm    mm    mm kg/ha kg/ha  kg/ha t/ha
  1 MZ   3  86 136 16485  8440   612   264   533   165   147    21   8644   87





















RUN    TRT FLO MAT TOPWT HARWT  RAIN  TIRR   CET  PESW  TNUP  TNLF   TSON TSOC
           dap dap kg/ha kg/ha    mm    mm    mm    mm kg/ha kg/ha  kg/ha t/ha
  1 MZ   3  82 133 16363  8305   358   264   519   145   164    30   8652   87





















RUN    TRT FLO MAT TOPWT HARWT  RAIN  TIRR   CET  PESW  TNUP  TNLF   TSON TSOC
           dap dap kg/ha kg/ha    mm    mm    mm    mm kg/ha kg/ha  kg/ha t/ha
  1 MZ   3  78 132 16190  8879   636   264   542   134   155    22   8649   87





















RUN    TRT FLO MAT TOPWT HARWT  RAIN  TIRR   CET  PESW  TNUP  TNLF   TSON TSOC
           dap dap kg/ha kg/ha    mm    mm    mm    mm kg/ha kg/ha  kg/ha t/ha
  1 MZ   3  85 133 15475  7664   947   264   591   169   148    11   8649   87





















RUN    TRT FLO MAT TOPWT HARWT  RAIN  TIRR   CET  PESW  TNUP  TNLF   TSON TSOC
           dap dap kg/ha kg/ha    mm    mm    mm    mm kg/ha kg/ha  kg/ha t/ha
  1 MZ   3  84 133 16554  8439   613   264   544   150   158    16   8650   87





















RUN    TRT FLO MAT TOPWT HARWT  RAIN  TIRR   CET  PESW  TNUP  TNLF   TSON TSOC
           dap dap kg/ha kg/ha    mm    mm    mm    mm kg/ha kg/ha  kg/ha t/ha
  1 MZ   3  76 129 15755  8002   268   264   429   131   158    25   8656   87





















RUN    TRT FLO MAT TOPWT HARWT  RAIN  TIRR   CET  PESW  TNUP  TNLF   TSON TSOC
           dap dap kg/ha kg/ha    mm    mm    mm    mm kg/ha kg/ha  kg/ha t/ha
  1 MZ   3  79 131 16830  9479   441   264   508   144   166    24   8647   87





















RUN    TRT FLO MAT TOPWT HARWT  RAIN  TIRR   CET  PESW  TNUP  TNLF   TSON TSOC
           dap dap kg/ha kg/ha    mm    mm    mm    mm kg/ha kg/ha  kg/ha t/ha
  1 MZ   3  81 133 16745  8465   382   264   512   147   161    26   8652   87
 EFFECTIVE EARLY STOPPING

********************************
2022/06/09 09:28:58.367005
********************************
Client started
Client closed
 EFFECTIVE EARLY STOPPING

********************************
2022/06/09 09:29:01.999292
********************************
Client started
Client closed





















RUN    TRT FLO MAT TOPWT HARWT  RAIN  TIRR   CET  PESW  TNUP  TNLF   TSON TSOC
           dap dap kg/ha kg/ha    mm    mm    mm    mm kg/ha kg/ha  kg/ha t/ha
  1 MZ   3  85 135  4444  2041   388     0   282   156    49    19   8656   87





















RUN    TRT FLO MAT TOPWT HARWT  RAIN  TIRR   CET  PESW  TNUP  TNLF   TSON TSOC
           dap dap kg/ha kg/ha    mm    mm    mm    mm kg/ha kg/ha  kg/ha t/ha
  1 MZ   3  86 136 16495  8463   612   264   533   165   147    21   8644   87





















RUN    TRT FLO MAT TOPWT HARWT  RAIN  TIRR   CET  PESW  TNUP  TNLF   TSON TSOC
           dap dap kg/ha kg/ha    mm    mm    mm    mm kg/ha kg/ha  kg/ha t/ha
  1 MZ   3  82 133 16208  8340   358   264   518   147   164    30   8652   87





















RUN    TRT FLO MAT TOPWT HARWT  RAIN  TIRR   CET  PESW  TNUP  TNLF   TSON TSOC
           dap dap kg/ha kg/ha    mm    mm    mm    mm kg/ha kg/ha  kg/ha t/ha
  1 MZ   3  78 132 16140  8964   636   264   542   134   155    22   8649   87





















RUN    TRT FLO MAT TOPWT HARWT  RAIN  TIRR   CET  PESW  TNUP  TNLF   TSON TSOC
           dap dap kg/ha kg/ha    mm    mm    mm    mm kg/ha kg/ha  kg/ha t/ha
  1 MZ   3  85 133 15363  7621   947   264   591   169   149    11   8649   87





















RUN    TRT FLO MAT TOPWT HARWT  RAIN  TIRR   CET  PESW  TNUP  TNLF   TSON TSOC
           dap dap kg/ha kg/ha    mm    mm    mm    mm kg/ha kg/ha  kg/ha t/ha
  1 MZ   3  84 133 16416  8395   613   264   545   150   159    16   8650   87





















RUN    TRT FLO MAT TOPWT HARWT  RAIN  TIRR   CET  PESW  TNUP  TNLF   TSON TSOC
           dap dap kg/ha kg/ha    mm    mm    mm    mm kg/ha kg/ha  kg/ha t/ha
  1 MZ   3  76 129 15623  7882   268   264   429   131   158    25   8656   87





















RUN    TRT FLO MAT TOPWT HARWT  RAIN  TIRR   CET  PESW  TNUP  TNLF   TSON TSOC
           dap dap kg/ha kg/ha    mm    mm    mm    mm kg/ha kg/ha  kg/ha t/ha
  1 MZ   3  79 131 16628  9425   441   264   508   144   166    24   8647   87





















RUN    TRT FLO MAT TOPWT HARWT  RAIN  TIRR   CET  PESW  TNUP  TNLF   TSON TSOC
           dap dap kg/ha kg/ha    mm    mm    mm    mm kg/ha kg/ha  kg/ha t/ha
  1 MZ   3  81 133 16602  8468   382   264   511   147   162    26   8652   87
 EFFECTIVE EARLY STOPPING

********************************
2022/06/09 09:29:02.204501
********************************
Client started
Client closed
 EFFECTIVE EARLY STOPPING

********************************
2022/06/09 09:29:05.982570
********************************
